<?xml version="1.0" encoding="UTF-8"?>
<!-- Generated by org.testng.reporters.JUnitReportReporter -->
<testsuite hostname="ACER" failures="0" tests="9" name="com.WebMovie.Selenium" time="1.587" errors="1" timestamp="2023-12-19T05:48:11 ICT" skipped="8">
  <testcase classname="com.WebMovie.Selenium" name="cR_User" time="0.000">
    <skipped/>
  </testcase> <!-- cR_User -->
  <testcase classname="com.WebMovie.Selenium" name="cR_Cinema" time="0.000">
    <skipped/>
  </testcase> <!-- cR_Cinema -->
  <testcase classname="com.WebMovie.Selenium" name="cR_Cinemafail" time="0.000">
    <skipped/>
  </testcase> <!-- cR_Cinemafail -->
  <testcase classname="com.WebMovie.Selenium" name="cR_Voucher" time="0.000">
    <skipped/>
  </testcase> <!-- cR_Voucher -->
  <testcase classname="com.WebMovie.Selenium" name="cR_Mov_Sche" time="0.000">
    <skipped/>
  </testcase> <!-- cR_Mov_Sche -->
  <testcase classname="com.WebMovie.Selenium" name="cR_Room" time="0.000">
    <skipped/>
  </testcase> <!-- cR_Room -->
  <testcase classname="com.WebMovie.Selenium" name="cR_Movie" time="0.000">
    <skipped/>
  </testcase> <!-- cR_Movie -->
  <testcase classname="com.WebMovie.Selenium" name="cR_Roomfail" time="0.001">
    <skipped/>
  </testcase> <!-- cR_Roomfail -->
  <testcase classname="com.WebMovie.Selenium" name="init" time="1.586">
    <error message="Unable to establish websocket connection to http://localhost:53764/devtools/browser/61a9a83e-9456-40fe-bb94-4410c2dafc5f
Build info: version: &#039;4.5.3&#039;, revision: &#039;4b786a1e430&#039;
System info: os.name: &#039;Windows 11&#039;, os.arch: &#039;amd64&#039;, os.version: &#039;10.0&#039;, java.version: &#039;17.0.6&#039;
Driver info: driver.version: ChromeDriver" type="org.openqa.selenium.remote.http.ConnectionFailedException">
      <![CDATA[org.openqa.selenium.remote.http.ConnectionFailedException: Unable to establish websocket connection to http://localhost:53764/devtools/browser/61a9a83e-9456-40fe-bb94-4410c2dafc5f
Build info: version: '4.5.3', revision: '4b786a1e430'
System info: os.name: 'Windows 11', os.arch: 'amd64', os.version: '10.0', java.version: '17.0.6'
Driver info: driver.version: ChromeDriver
at org.openqa.selenium.remote.http.netty.NettyWebSocket.<init>(NettyWebSocket.java:102)
at org.openqa.selenium.remote.http.netty.NettyWebSocket.lambda$create$3(NettyWebSocket.java:128)
at org.openqa.selenium.remote.http.netty.NettyClient.openSocket(NettyClient.java:107)
at org.openqa.selenium.devtools.Connection.<init>(Connection.java:77)
at org.openqa.selenium.chromium.ChromiumDriver.lambda$new$2(ChromiumDriver.java:116)
at java.base/java.util.Optional.map(Optional.java:260)
at org.openqa.selenium.chromium.ChromiumDriver.<init>(ChromiumDriver.java:114)
at org.openqa.selenium.chrome.ChromeDriver.<init>(ChromeDriver.java:81)
at org.openqa.selenium.chrome.ChromeDriver.<init>(ChromeDriver.java:49)
at com.WebMovie.Selenium.init(Selenium.java:21)
at java.base/jdk.internal.reflect.NativeMethodAccessorImpl.invoke0(Native Method)
at java.base/jdk.internal.reflect.NativeMethodAccessorImpl.invoke(NativeMethodAccessorImpl.java:77)
at java.base/jdk.internal.reflect.DelegatingMethodAccessorImpl.invoke(DelegatingMethodAccessorImpl.java:43)
at java.base/java.lang.reflect.Method.invoke(Method.java:568)
at org.testng.internal.invokers.MethodInvocationHelper.invokeMethod(MethodInvocationHelper.java:139)
at org.testng.internal.invokers.MethodInvocationHelper.invokeMethodConsideringTimeout(MethodInvocationHelper.java:69)
at org.testng.internal.invokers.ConfigInvoker.invokeConfigurationMethod(ConfigInvoker.java:390)
at org.testng.internal.invokers.ConfigInvoker.invokeConfigurations(ConfigInvoker.java:325)
at org.testng.TestRunner.invokeTestConfigurations(TestRunner.java:663)
at org.testng.TestRunner.beforeRun(TestRunner.java:652)
at org.testng.TestRunner.run(TestRunner.java:614)
at org.testng.SuiteRunner.runTest(SuiteRunner.java:443)
at org.testng.SuiteRunner.runSequentially(SuiteRunner.java:437)
at org.testng.SuiteRunner.privateRun(SuiteRunner.java:397)
at org.testng.SuiteRunner.run(SuiteRunner.java:336)
at org.testng.SuiteRunnerWorker.runSuite(SuiteRunnerWorker.java:52)
at org.testng.SuiteRunnerWorker.run(SuiteRunnerWorker.java:95)
at org.testng.TestNG.runSuitesSequentially(TestNG.java:1280)
at org.testng.TestNG.runSuitesLocally(TestNG.java:1200)
at org.testng.TestNG.runSuites(TestNG.java:1114)
at org.testng.TestNG.run(TestNG.java:1082)
at org.testng.remote.AbstractRemoteTestNG.run(AbstractRemoteTestNG.java:115)
at org.testng.remote.RemoteTestNG.initAndRun(RemoteTestNG.java:251)
at org.testng.remote.RemoteTestNG.main(RemoteTestNG.java:77)
]]>
    </error>
  </testcase> <!-- init -->
</testsuite> <!-- com.WebMovie.Selenium -->
